Using pre-set license
Built from '2020.3/china_unity/release' branch; Version is '2020.3.15f2c1 (b25d0e34ed8a) revision 11689230'; Using compiler version '192528614'; Build Type 'Release'
<<<<<<< HEAD
OS: 'Windows 10 Pro; OS build 19043.1288; Version 2009; 64bit' Language: 'zh' Physical Memory: 8067 MB
=======
OS: 'Windows 10 Pro; OS build 19043.1348; Version 2009; 64bit' Language: 'zh' Physical Memory: 8067 MB
>>>>>>> 28736a1 (feat: init ugui embedded project)
BatchMode: 1, IsHumanControllingUs: 0, StartBugReporterOnCrash: 0, Is64bit: 1, IsPro: 0

 COMMAND LINE ARGUMENTS:
E:\UnityInstall\2020.3.15f2c1\Editor\Unity.exe
-adb2
-batchMode
-noUpm
-name
AssetImportWorker0
-projectPath
D:/UnityLearnProject/UGUI_EmbeddedProject
-logFile
Logs/AssetImportWorker0.log
-srvPort
<<<<<<< HEAD
53365
Successfully changed project path to: D:/UnityLearnProject/UGUI_EmbeddedProject
D:/UnityLearnProject/UGUI_EmbeddedProject
Using Asset Import Pipeline V2.
Refreshing native plugins compatible for Editor in 78.45 ms, found 3 plugins.
=======
65441
Successfully changed project path to: D:/UnityLearnProject/UGUI_EmbeddedProject
D:/UnityLearnProject/UGUI_EmbeddedProject
Using Asset Import Pipeline V2.
Refreshing native plugins compatible for Editor in 197.33 ms, found 3 plugins.
>>>>>>> 28736a1 (feat: init ugui embedded project)
Preloading 0 native plugins for Editor in 0.00 ms.
Initialize engine version: 2020.3.15f2c1 (b25d0e34ed8a)
[Subsystems] Discovering subsystems at path E:/UnityInstall/2020.3.15f2c1/Editor/Data/Resources/UnitySubsystems
[Subsystems] Discovering subsystems at path D:/UnityLearnProject/UGUI_EmbeddedProject/Assets
GfxDevice: creating device client; threaded=0
Direct3D:
    Version:  Direct3D 11.0 [level 11.0]
    Renderer: NVIDIA GeForce GTX 960M (ID=0x139b)
    Vendor:   
    VRAM:     2010 MB
    Driver:   24.21.13.9901
Initialize mono
Mono path[0] = 'E:/UnityInstall/2020.3.15f2c1/Editor/Data/Managed'
Mono path[1] = 'E:/UnityInstall/2020.3.15f2c1/Editor/Data/MonoBleedingEdge/lib/mono/unityjit'
Mono config path = 'E:/UnityInstall/2020.3.15f2c1/Editor/Data/MonoBleedingEdge/etc'
<<<<<<< HEAD
Using monoOptions --debugger-agent=transport=dt_socket,embedding=1,server=y,suspend=n,address=127.0.0.1:56928
Begin MonoManager ReloadAssembly
Registering precompiled unity dll's ...
Register platform support module: E:/UnityInstall/2020.3.15f2c1/Editor/Data/PlaybackEngines/WindowsStandaloneSupport/UnityEditor.WindowsStandalone.Extensions.dll
Registered in 0.001712 seconds.
Native extension for WindowsStandalone target not found
Refreshing native plugins compatible for Editor in 54.78 ms, found 3 plugins.
Preloading 0 native plugins for Editor in 0.00 ms.
Mono: successfully reloaded assembly
- Completed reload, in  7.135 seconds
Domain Reload Profiling:
	ReloadAssembly (7135ms)
		BeginReloadAssembly (84ms)
=======
Using monoOptions --debugger-agent=transport=dt_socket,embedding=1,server=y,suspend=n,address=127.0.0.1:56276
Begin MonoManager ReloadAssembly
Registering precompiled unity dll's ...
Register platform support module: E:/UnityInstall/2020.3.15f2c1/Editor/Data/PlaybackEngines/WindowsStandaloneSupport/UnityEditor.WindowsStandalone.Extensions.dll
Registered in 0.001606 seconds.
Native extension for WindowsStandalone target not found
Refreshing native plugins compatible for Editor in 47.11 ms, found 3 plugins.
Preloading 0 native plugins for Editor in 0.00 ms.
Mono: successfully reloaded assembly
- Completed reload, in 14.229 seconds
Domain Reload Profiling:
	ReloadAssembly (14230ms)
		BeginReloadAssembly (138ms)
>>>>>>> 28736a1 (feat: init ugui embedded project)
			ExecutionOrderSort (0ms)
			DisableScriptedObjects (0ms)
			BackupInstance (0ms)
			ReleaseScriptingObjects (0ms)
			CreateAndSetChildDomain (1ms)
<<<<<<< HEAD
		EndReloadAssembly (703ms)
			LoadAssemblies (83ms)
			RebuildTransferFunctionScriptingTraits (0ms)
			SetupTypeCache (271ms)
			ReleaseScriptCaches (0ms)
			RebuildScriptCaches (46ms)
			SetupLoadedEditorAssemblies (276ms)
				LogAssemblyErrors (0ms)
				InitializePlatformSupportModulesInManaged (5ms)
				SetLoadedEditorAssemblies (0ms)
				RefreshPlugins (55ms)
				BeforeProcessingInitializeOnLoad (17ms)
				ProcessInitializeOnLoadAttributes (98ms)
				ProcessInitializeOnLoadMethodAttributes (100ms)
=======
		EndReloadAssembly (754ms)
			LoadAssemblies (137ms)
			RebuildTransferFunctionScriptingTraits (0ms)
			SetupTypeCache (342ms)
			ReleaseScriptCaches (0ms)
			RebuildScriptCaches (35ms)
			SetupLoadedEditorAssemblies (235ms)
				LogAssemblyErrors (0ms)
				InitializePlatformSupportModulesInManaged (4ms)
				SetLoadedEditorAssemblies (0ms)
				RefreshPlugins (47ms)
				BeforeProcessingInitializeOnLoad (18ms)
				ProcessInitializeOnLoadAttributes (100ms)
				ProcessInitializeOnLoadMethodAttributes (65ms)
>>>>>>> 28736a1 (feat: init ugui embedded project)
				AfterProcessingInitializeOnLoad (0ms)
				EditorAssembliesLoaded (0ms)
			ExecutionOrderSort2 (0ms)
			AwakeInstancesAfterBackupRestoration (0ms)
Platform modules already initialized, skipping
Registering precompiled user dll's ...
<<<<<<< HEAD
Registered in 0.009455 seconds.
=======
Registered in 0.041667 seconds.
>>>>>>> 28736a1 (feat: init ugui embedded project)
